<?xml version="1.0" encoding="UTF-8"?>
<!-- Generated by org.testng.reporters.JUnitReportReporter -->
<testsuite skipped="0" hostname="workstation" name="integrationTests.ContentCreatorTests" tests="4" failures="0" timestamp="25 Jul 2018 14:04:11 GMT" time="46.859" errors="0">
  <testcase name="login_as_content_creator_test" time="10.630" classname="integrationTests.ContentCreatorTests"/>
  <testcase name="view_as_visitor_test" time="9.174" classname="integrationTests.ContentCreatorTests"/>
  <testcase name="edit_portfolio_test" time="15.130" classname="integrationTests.ContentCreatorTests"/>
  <testcase name="create_portfolio_item" time="11.925" classname="integrationTests.ContentCreatorTests"/>
</testsuite> <!-- integrationTests.ContentCreatorTests -->
