<?xml version="1.0" encoding="UTF-8"?>
<!-- Generated by org.testng.reporters.JUnitReportReporter -->
<testsuite skipped="0" hostname="workstation" name="integrationTests.ContentCreatorTests" tests="1" failures="0" timestamp="17 Jul 2018 22:52:37 GMT" time="16.730" errors="0">
  <testcase name="login_as_content_creator" time="16.730" classname="integrationTests.ContentCreatorTests"/>
</testsuite> <!-- integrationTests.ContentCreatorTests -->
