<?xml version="1.0" encoding="UTF-8"?>
<!-- Generated by org.testng.reporters.JUnitReportReporter -->
<testsuite skipped="0" hostname="workstation" name="integrationTests.ContentCreatorTests" tests="1" failures="0" timestamp="17 Jul 2018 16:54:11 GMT" time="10.468" errors="0">
  <testcase name="login_as_content_creator" time="10.468" classname="integrationTests.ContentCreatorTests"/>
</testsuite> <!-- integrationTests.ContentCreatorTests -->
